# JRE version: OpenJDK Runtime Environment Temurin-21.0.11+10 (21.0.11+10) (build 21.0.11+10-LTS)
# Java VM: OpenJDK 64-Bit Server VM Temurin-21.0.11+10 (21.0.11+10-LTS, mixed mode, sharing, tiered, compressed oops, compressed class ptrs, parallel gc, windows-amd64)
GC Precious Log:
 CardTable entry size: 512
 CPUs: 12 total, 12 available
 Memory: 16068M
 Large Page Support: Disabled
 NUMA Support: Disabled
 Compressed Oops: Enabled (32-bit)
 Alignments: Space 512K, Generation 512K, Heap 2M
 Heap Min Capacity: 100M
 Heap Initial Capacity: 100M
 Heap Max Capacity: 2G
 Pre-touch: Disabled
 Parallel Workers: 10
Heap:
 PSYoungGen      total 4608K, used 3673K [0x00000000d5580000, 0x00000000d5b00000, 0x0000000100000000)
  eden space 4096K, 82% used [0x00000000d5580000,0x00000000d58ce6b0,0x00000000d5980000)
  from space 512K, 56% used [0x00000000d5a80000,0x00000000d5ac8000,0x00000000d5b00000)
  to   space 512K, 0% used [0x00000000d5a00000,0x00000000d5a00000,0x00000000d5a80000)
 ParOldGen       total 231424K, used 231022K [0x0000000080000000, 0x000000008e200000, 0x00000000d5580000)
  object space 231424K, 99% used [0x0000000080000000,0x000000008e19bbe0,0x000000008e200000)
 Metaspace       used 67172K, committed 68736K, reserved 1114112K
  class space    used 7058K, committed 7744K, reserved 1048576K
GC Heap History (20 events):
Event: 51.056 GC heap before
{Heap before GC invocations=202 (full 3):
 PSYoungGen      total 5632K, used 5515K [0x00000000d5580000, 0x00000000d5c00000, 0x0000000100000000)
  eden space 4608K, 100% used [0x00000000d5580000,0x00000000d5a00000,0x00000000d5a00000)
  from space 1024K, 88% used [0x00000000d5b00000,0x00000000d5be2c10,0x00000000d5c00000)
  to   space 1024K, 0% used [0x00000000d5a00000,0x00000000d5a00000,0x00000000d5b00000)
 ParOldGen       total 199168K, used 198969K [0x0000000080000000, 0x000000008c280000, 0x00000000d5580000)
  object space 199168K, 99% used [0x0000000080000000,0x000000008c24e6a0,0x000000008c280000)
 Metaspace       used 65048K, committed 66624K, reserved 1114112K
  class space    used 6869K, committed 7552K, reserved 1048576K
}
Event: 51.058 GC heap after
{Heap after GC invocations=202 (full 3):
 PSYoungGen      total 5632K, used 822K [0x00000000d5580000, 0x00000000d5c00000, 0x0000000100000000)
  eden space 4608K, 0% used [0x00000000d5580000,0x00000000d5580000,0x00000000d5a00000)
  from space 1024K, 80% used [0x00000000d5a00000,0x00000000d5acd9e8,0x00000000d5b00000)
  to   space 1024K, 0% used [0x00000000d5b00000,0x00000000d5b00000,0x00000000d5c00000)
 ParOldGen       total 199168K, used 199001K [0x0000000080000000, 0x000000008c280000, 0x00000000d5580000)
  object space 199168K, 99% used [0x0000000080000000,0x000000008c2566a0,0x000000008c280000)
 Metaspace       used 65048K, committed 66624K, reserved 1114112K
  class space    used 6869K, committed 7552K, reserved 1048576K
}
Event: 51.075 GC heap before
{Heap before GC invocations=203 (full 3):
 PSYoungGen      total 5632K, used 5430K [0x00000000d5580000, 0x00000000d5c00000, 0x0000000100000000)
  eden space 4608K, 100% used [0x00000000d5580000,0x00000000d5a00000,0x00000000d5a00000)
  from space 1024K, 80% used [0x00000000d5a00000,0x00000000d5acd9e8,0x00000000d5b00000)
  to   space 1024K, 0% used [0x00000000d5b00000,0x00000000d5b00000,0x00000000d5c00000)
 ParOldGen       total 199168K, used 199001K [0x0000000080000000, 0x000000008c280000, 0x00000000d5580000)
  object space 199168K, 99% used [0x0000000080000000,0x000000008c2566a0,0x000000008c280000)
 Metaspace       used 65049K, committed 66624K, reserved 1114112K
  class space    used 6869K, committed 7552K, reserved 1048576K
}
Event: 51.077 GC heap after
{Heap after GC invocations=203 (full 3):
 PSYoungGen      total 5120K, used 1003K [0x00000000d5580000, 0x00000000d5d00000, 0x0000000100000000)
  eden space 4096K, 0% used [0x00000000d5580000,0x00000000d5580000,0x00000000d5980000)
  from space 1024K, 97% used [0x00000000d5b00000,0x00000000d5bfad60,0x00000000d5c00000)
  to   space 1536K, 0% used [0x00000000d5980000,0x00000000d5980000,0x00000000d5b00000)
 ParOldGen       total 199168K, used 199001K [0x0000000080000000, 0x000000008c280000, 0x00000000d5580000)
  object space 199168K, 99% used [0x0000000080000000,0x000000008c2566a0,0x000000008c280000)
 Metaspace       used 65049K, committed 66624K, reserved 1114112K
  class space    used 6869K, committed 7552K, reserved 1048576K
}
Event: 51.094 GC heap before
{Heap before GC invocations=204 (full 3):
 PSYoungGen      total 5120K, used 5071K [0x00000000d5580000, 0x00000000d5d00000, 0x0000000100000000)
  eden space 4096K, 99% used [0x00000000d5580000,0x00000000d5979260,0x00000000d5980000)
  from space 1024K, 97% used [0x00000000d5b00000,0x00000000d5bfad60,0x00000000d5c00000)
  to   space 1536K, 0% used [0x00000000d5980000,0x00000000d5980000,0x00000000d5b00000)
 ParOldGen       total 199168K, used 199001K [0x0000000080000000, 0x000000008c280000, 0x00000000d5580000)
  object space 199168K, 99% used [0x0000000080000000,0x000000008c2566a0,0x000000008c280000)
 Metaspace       used 65051K, committed 66624K, reserved 1114112K
  class space    used 6869K, committed 7552K, reserved 1048576K
}
Event: 51.096 GC heap after
{Heap after GC invocations=204 (full 3):
 PSYoungGen      total 5120K, used 876K [0x00000000d5580000, 0x00000000d5b80000, 0x0000000100000000)
  eden space 4096K, 0% used [0x00000000d5580000,0x00000000d5580000,0x00000000d5980000)
  from space 1024K, 85% used [0x00000000d5980000,0x00000000d5a5b230,0x00000000d5a80000)
  to   space 1024K, 0% used [0x00000000d5a80000,0x00000000d5a80000,0x00000000d5b80000)
 ParOldGen       total 199168K, used 199001K [0x0000000080000000, 0x000000008c280000, 0x00000000d5580000)
  object space 199168K, 99% used [0x0000000080000000,0x000000008c2566a0,0x000000008c280000)
 Metaspace       used 65051K, committed 66624K, reserved 1114112K
  class space    used 6869K, committed 7552K, reserved 1048576K
}
Event: 51.145 GC heap before
{Heap before GC invocations=205 (full 3):
 PSYoungGen      total 5120K, used 4972K [0x00000000d5580000, 0x00000000d5b80000, 0x0000000100000000)
  eden space 4096K, 100% used [0x00000000d5580000,0x00000000d5980000,0x00000000d5980000)
  from space 1024K, 85% used [0x00000000d5980000,0x00000000d5a5b230,0x00000000d5a80000)
  to   space 1024K, 0% used [0x00000000d5a80000,0x00000000d5a80000,0x00000000d5b80000)
 ParOldGen       total 199168K, used 199001K [0x0000000080000000, 0x000000008c280000, 0x00000000d5580000)
  object space 199168K, 99% used [0x0000000080000000,0x000000008c2566a0,0x000000008c280000)
 Metaspace       used 65526K, committed 67072K, reserved 1114112K
  class space    used 6907K, committed 7552K, reserved 1048576K
}
Event: 51.146 GC heap after
{Heap after GC invocations=205 (full 3):
 PSYoungGen      total 5120K, used 288K [0x00000000d5580000, 0x00000000d5b80000, 0x0000000100000000)
  eden space 4096K, 0% used [0x00000000d5580000,0x00000000d5580000,0x00000000d5980000)
  from space 1024K, 28% used [0x00000000d5a80000,0x00000000d5ac8000,0x00000000d5b80000)
  to   space 1024K, 0% used [0x00000000d5980000,0x00000000d5980000,0x00000000d5a80000)
 ParOldGen       total 199168K, used 199009K [0x0000000080000000, 0x000000008c280000, 0x00000000d5580000)
  object space 199168K, 99% used [0x0000000080000000,0x000000008c2586a0,0x000000008c280000)
 Metaspace       used 65526K, committed 67072K, reserved 1114112K
  class space    used 6907K, committed 7552K, reserved 1048576K
}
Event: 51.241 GC heap before
{Heap before GC invocations=206 (full 3):
 PSYoungGen      total 5120K, used 4384K [0x00000000d5580000, 0x00000000d5b80000, 0x0000000100000000)
  eden space 4096K, 100% used [0x00000000d5580000,0x00000000d5980000,0x00000000d5980000)
  from space 1024K, 28% used [0x00000000d5a80000,0x00000000d5ac8000,0x00000000d5b80000)
  to   space 1024K, 0% used [0x00000000d5980000,0x00000000d5980000,0x00000000d5a80000)
 ParOldGen       total 199168K, used 199009K [0x0000000080000000, 0x000000008c280000, 0x00000000d5580000)
  object space 199168K, 99% used [0x0000000080000000,0x000000008c2586a0,0x000000008c280000)
 Metaspace       used 66278K, committed 67776K, reserved 1114112K
  class space    used 6980K, committed 7616K, reserved 1048576K
}
Event: 51.244 GC heap after
{Heap after GC invocations=206 (full 3):
 PSYoungGen      total 5120K, used 224K [0x00000000d5580000, 0x00000000d5b00000, 0x0000000100000000)
  eden space 4096K, 0% used [0x00000000d5580000,0x00000000d5580000,0x00000000d5980000)
  from space 1024K, 21% used [0x00000000d5980000,0x00000000d59b8000,0x00000000d5a80000)
  to   space 512K, 0% used [0x00000000d5a80000,0x00000000d5a80000,0x00000000d5b00000)
 ParOldGen       total 199168K, used 199049K [0x0000000080000000, 0x000000008c280000, 0x00000000d5580000)
  object space 199168K, 99% used [0x0000000080000000,0x000000008c2626a0,0x000000008c280000)
 Metaspace       used 66278K, committed 67776K, reserved 1114112K
  class space    used 6980K, committed 7616K, reserved 1048576K
}
Event: 51.328 GC heap before
{Heap before GC invocations=207 (full 3):
 PSYoungGen      total 5120K, used 4320K [0x00000000d5580000, 0x00000000d5b00000, 0x0000000100000000)
  eden space 4096K, 100% used [0x00000000d5580000,0x00000000d5980000,0x00000000d5980000)
  from space 1024K, 21% used [0x00000000d5980000,0x00000000d59b8000,0x00000000d5a80000)
  to   space 512K, 0% used [0x00000000d5a80000,0x00000000d5a80000,0x00000000d5b00000)
 ParOldGen       total 199168K, used 199049K [0x0000000080000000, 0x000000008c280000, 0x00000000d5580000)
  object space 199168K, 99% used [0x0000000080000000,0x000000008c2626a0,0x000000008c280000)
 Metaspace       used 66528K, committed 68032K, reserved 1114112K
  class space    used 7005K, committed 7616K, reserved 1048576K
}
Event: 51.329 GC heap after
{Heap after GC invocations=207 (full 3):
 PSYoungGen      total 4608K, used 320K [0x00000000d5580000, 0x00000000d5b00000, 0x0000000100000000)
  eden space 4096K, 0% used [0x00000000d5580000,0x00000000d5580000,0x00000000d5980000)
  from space 512K, 62% used [0x00000000d5a80000,0x00000000d5ad0000,0x00000000d5b00000)
  to   space 512K, 0% used [0x00000000d5a00000,0x00000000d5a00000,0x00000000d5a80000)
 ParOldGen       total 199168K, used 199129K [0x0000000080000000, 0x000000008c280000, 0x00000000d5580000)
  object space 199168K, 99% used [0x0000000080000000,0x000000008c2766a0,0x000000008c280000)
 Metaspace       used 66528K, committed 68032K, reserved 1114112K
  class space    used 7005K, committed 7616K, reserved 1048576K
}
Event: 59.079 GC heap before
{Heap before GC invocations=208 (full 3):
 PSYoungGen      total 4608K, used 4416K [0x00000000d5580000, 0x00000000d5b00000, 0x0000000100000000)
  eden space 4096K, 100% used [0x00000000d5580000,0x00000000d5980000,0x00000000d5980000)
  from space 512K, 62% used [0x00000000d5a80000,0x00000000d5ad0000,0x00000000d5b00000)
  to   space 512K, 0% used [0x00000000d5a00000,0x00000000d5a00000,0x00000000d5a80000)
 ParOldGen       total 199168K, used 199129K [0x0000000080000000, 0x000000008c280000, 0x00000000d5580000)
  object space 199168K, 99% used [0x0000000080000000,0x000000008c2766a0,0x000000008c280000)
 Metaspace       used 66782K, committed 68288K, reserved 1114112K
  class space    used 7026K, committed 7680K, reserved 1048576K
}
Event: 59.082 GC heap after
{Heap after GC invocations=208 (full 3):
 PSYoungGen      total 4608K, used 340K [0x00000000d5580000, 0x00000000d5b00000, 0x0000000100000000)
  eden space 4096K, 0% used [0x00000000d5580000,0x00000000d5580000,0x00000000d5980000)
  from space 512K, 66% used [0x00000000d5a00000,0x00000000d5a55200,0x00000000d5a80000)
  to   space 512K, 0% used [0x00000000d5a80000,0x00000000d5a80000,0x00000000d5b00000)
 ParOldGen       total 199680K, used 199233K [0x0000000080000000, 0x000000008c300000, 0x00000000d5580000)
  object space 199680K, 99% used [0x0000000080000000,0x000000008c2906a0,0x000000008c300000)
 Metaspace       used 66782K, committed 68288K, reserved 1114112K
  class space    used 7026K, committed 7680K, reserved 1048576K
}
Event: 59.133 GC heap before
{Heap before GC invocations=209 (full 3):
 PSYoungGen      total 4608K, used 4436K [0x00000000d5580000, 0x00000000d5b00000, 0x0000000100000000)
  eden space 4096K, 100% used [0x00000000d5580000,0x00000000d5980000,0x00000000d5980000)
  from space 512K, 66% used [0x00000000d5a00000,0x00000000d5a55200,0x00000000d5a80000)
  to   space 512K, 0% used [0x00000000d5a80000,0x00000000d5a80000,0x00000000d5b00000)
 ParOldGen       total 199680K, used 199233K [0x0000000080000000, 0x000000008c300000, 0x00000000d5580000)
  object space 199680K, 99% used [0x0000000080000000,0x000000008c2906a0,0x000000008c300000)
 Metaspace       used 66860K, committed 68352K, reserved 1114112K
  class space    used 7030K, committed 7680K, reserved 1048576K
}
Event: 59.135 GC heap after
{Heap after GC invocations=209 (full 3):
 PSYoungGen      total 4608K, used 394K [0x00000000d5580000, 0x00000000d5b00000, 0x0000000100000000)
  eden space 4096K, 0% used [0x00000000d5580000,0x00000000d5580000,0x00000000d5980000)
  from space 512K, 77% used [0x00000000d5a80000,0x00000000d5ae2910,0x00000000d5b00000)
  to   space 512K, 0% used [0x00000000d5a00000,0x00000000d5a00000,0x00000000d5a80000)
 ParOldGen       total 199680K, used 199321K [0x0000000080000000, 0x000000008c300000, 0x00000000d5580000)
  object space 199680K, 99% used [0x0000000080000000,0x000000008c2a66a0,0x000000008c300000)
 Metaspace       used 66860K, committed 68352K, reserved 1114112K
  class space    used 7030K, committed 7680K, reserved 1048576K
}
Event: 62.865 GC heap before
{Heap before GC invocations=210 (full 3):
 PSYoungGen      total 4608K, used 4490K [0x00000000d5580000, 0x00000000d5b00000, 0x0000000100000000)
  eden space 4096K, 99% used [0x00000000d5580000,0x00000000d597fff0,0x00000000d5980000)
  from space 512K, 77% used [0x00000000d5a80000,0x00000000d5ae2910,0x00000000d5b00000)
  to   space 512K, 0% used [0x00000000d5a00000,0x00000000d5a00000,0x00000000d5a80000)
 ParOldGen       total 199680K, used 199321K [0x0000000080000000, 0x000000008c300000, 0x00000000d5580000)
  object space 199680K, 99% used [0x0000000080000000,0x000000008c2a66a0,0x000000008c300000)
 Metaspace       used 66899K, committed 68416K, reserved 1114112K
  class space    used 7030K, committed 7680K, reserved 1048576K
}
Event: 62.866 GC heap after
{Heap after GC invocations=210 (full 3):
 PSYoungGen      total 4608K, used 320K [0x00000000d5580000, 0x00000000d5b00000, 0x0000000100000000)
  eden space 4096K, 0% used [0x00000000d5580000,0x00000000d5580000,0x00000000d5980000)
  from space 512K, 62% used [0x00000000d5a00000,0x00000000d5a50000,0x00000000d5a80000)
  to   space 512K, 0% used [0x00000000d5a80000,0x00000000d5a80000,0x00000000d5b00000)
 ParOldGen       total 199680K, used 199409K [0x0000000080000000, 0x000000008c300000, 0x00000000d5580000)
  object space 199680K, 99% used [0x0000000080000000,0x000000008c2bc6a0,0x000000008c300000)
 Metaspace       used 66899K, committed 68416K, reserved 1114112K
  class space    used 7030K, committed 7680K, reserved 1048576K
}
Event: 81.534 GC heap before
{Heap before GC invocations=211 (full 3):
 PSYoungGen      total 4608K, used 4416K [0x00000000d5580000, 0x00000000d5b00000, 0x0000000100000000)
  eden space 4096K, 100% used [0x00000000d5580000,0x00000000d5980000,0x00000000d5980000)
  from space 512K, 62% used [0x00000000d5a00000,0x00000000d5a50000,0x00000000d5a80000)
  to   space 512K, 0% used [0x00000000d5a80000,0x00000000d5a80000,0x00000000d5b00000)
 ParOldGen       total 231424K, used 230129K [0x0000000080000000, 0x000000008e200000, 0x00000000d5580000)
  object space 231424K, 99% used [0x0000000080000000,0x000000008e0bc6d0,0x000000008e200000)
 Metaspace       used 66955K, committed 68416K, reserved 1114112K
  class space    used 7032K, committed 7680K, reserved 1048576K
}
Event: 81.536 GC heap after
{Heap after GC invocations=211 (full 3):
 PSYoungGen      total 4608K, used 288K [0x00000000d5580000, 0x00000000d5b00000, 0x0000000100000000)
  eden space 4096K, 0% used [0x00000000d5580000,0x00000000d5580000,0x00000000d5980000)
  from space 512K, 56% used [0x00000000d5a80000,0x00000000d5ac8000,0x00000000d5b00000)
  to   space 512K, 0% used [0x00000000d5a00000,0x00000000d5a00000,0x00000000d5a80000)
 ParOldGen       total 231424K, used 231022K [0x0000000080000000, 0x000000008e200000, 0x00000000d5580000)
  object space 231424K, 99% used [0x0000000080000000,0x000000008e19bbe0,0x000000008e200000)
 Metaspace       used 66955K, committed 68416K, reserved 1114112K
  class space    used 7032K, committed 7680K, reserved 1048576K
}

